<?xml version="1.0" encoding="UTF-8"?>
<!-- Generated by org.testng.reporters.JUnitReportReporter -->
<testsuite hostname="LAPTOP-V5FSH5PQ" failures="0" tests="1" name="testng.Sample" time="7.253" errors="0" timestamp="2022-09-21T23:09:28 IST" skipped="0">
  <testcase classname="testng.Sample" name="Leafground" time="7.253"/>
  <system-out/>
</testsuite> <!-- testng.Sample -->
