<?xml version="1.0" encoding="UTF-8"?>
<!-- Generated by org.testng.reporters.JUnitReportReporter -->
<testsuite hostname="LAPTOP-V5FSH5PQ" failures="0" tests="1" name="week4.day1.LearnFrames" time="6.008" errors="0" timestamp="2022-09-10T10:41:04 IST" skipped="0">
  <testcase classname="week4.day1.LearnFrames" name="runFrames" time="6.008"/>
  <system-out/>
</testsuite> <!-- week4.day1.LearnFrames -->
