<?xml version="1.0" encoding="UTF-8"?>
<!-- Generated by org.testng.reporters.JUnitReportReporter -->
<testsuite hostname="LAPTOP-V5FSH5PQ" failures="0" tests="2" name="week2.day1.CreateLead" time="29.150" errors="0" timestamp="2022-09-21T22:56:04 IST" skipped="0">
  <testcase classname="week2.day1.CreateLead" name="createData" time="11.962"/>
  <system-out/>
  <testcase classname="week2.day1.CreateLead" name="createData" time="17.188"/>
  <system-out/>
</testsuite> <!-- week2.day1.CreateLead -->
