<?xml version="1.0" encoding="UTF-8"?>
<!-- Generated by org.testng.reporters.JUnitReportReporter -->
<testsuite hostname="LAPTOP-V5FSH5PQ" failures="0" tests="1" name="myproject.selenium.practice.LearnAlert" time="4.029" errors="0" timestamp="2022-10-01T13:17:02 IST" skipped="0">
  <testcase classname="myproject.selenium.practice.LearnAlert" name="alertLearning" time="4.029"/>
  <system-out/>
</testsuite> <!-- myproject.selenium.practice.LearnAlert -->
