<?xml version="1.0" encoding="UTF-8"?>
<!-- Generated by org.testng.reporters.JUnitReportReporter -->
<testsuite hostname="LAPTOP-V5FSH5PQ" failures="0" tests="1" name="myproject.selenium.practice.Windowhandle" time="29.788" errors="0" timestamp="2022-09-28T22:44:05 IST" skipped="0">
  <testcase classname="myproject.selenium.practice.Windowhandle" name="windowHandling" time="29.788"/>
  <system-out/>
</testsuite> <!-- myproject.selenium.practice.Windowhandle -->
